Start testing: Mar 07 02:50 IST
----------------------------------------------------------
1/7 Testing: CalculatorTest.SquareRootValid
1/7 Test: CalculatorTest.SquareRootValid
Command: "/home/deep/Desktop/scientific-calculator/build/calculator_tests" "--gtest_filter=CalculatorTest.SquareRootValid" "--gtest_also_run_disabled_tests"
Directory: /home/deep/Desktop/scientific-calculator/build
"CalculatorTest.SquareRootValid" start time: Mar 07 02:50 IST
Output:
----------------------------------------------------------
Running main() from /home/deep/Desktop/scientific-calculator/build/_deps/googletest-src/googletest/src/gtest_main.cc
Note: Google Test filter = CalculatorTest.SquareRootValid
[==========] Running 1 test from 1 test suite.
[----------] Global test environment set-up.
[----------] 1 test from CalculatorTest
[ RUN      ] CalculatorTest.SquareRootValid
[       OK ] CalculatorTest.SquareRootValid (0 ms)
[----------] 1 test from CalculatorTest (0 ms total)

[----------] Global test environment tear-down
[==========] 1 test from 1 test suite ran. (0 ms total)
[  PASSED  ] 1 test.
<end of output>
Test time =   0.00 sec
----------------------------------------------------------
Test Passed.
"CalculatorTest.SquareRootValid" end time: Mar 07 02:50 IST
"CalculatorTest.SquareRootValid" time elapsed: 00:00:00
----------------------------------------------------------

2/7 Testing: CalculatorTest.SquareRootInvalid
2/7 Test: CalculatorTest.SquareRootInvalid
Command: "/home/deep/Desktop/scientific-calculator/build/calculator_tests" "--gtest_filter=CalculatorTest.SquareRootInvalid" "--gtest_also_run_disabled_tests"
Directory: /home/deep/Desktop/scientific-calculator/build
"CalculatorTest.SquareRootInvalid" start time: Mar 07 02:50 IST
Output:
----------------------------------------------------------
Running main() from /home/deep/Desktop/scientific-calculator/build/_deps/googletest-src/googletest/src/gtest_main.cc
Note: Google Test filter = CalculatorTest.SquareRootInvalid
[==========] Running 1 test from 1 test suite.
[----------] Global test environment set-up.
[----------] 1 test from CalculatorTest
[ RUN      ] CalculatorTest.SquareRootInvalid
[       OK ] CalculatorTest.SquareRootInvalid (0 ms)
[----------] 1 test from CalculatorTest (0 ms total)

[----------] Global test environment tear-down
[==========] 1 test from 1 test suite ran. (0 ms total)
[  PASSED  ] 1 test.
<end of output>
Test time =   0.00 sec
----------------------------------------------------------
Test Passed.
"CalculatorTest.SquareRootInvalid" end time: Mar 07 02:50 IST
"CalculatorTest.SquareRootInvalid" time elapsed: 00:00:00
----------------------------------------------------------

3/7 Testing: CalculatorTest.FactorialValid
3/7 Test: CalculatorTest.FactorialValid
Command: "/home/deep/Desktop/scientific-calculator/build/calculator_tests" "--gtest_filter=CalculatorTest.FactorialValid" "--gtest_also_run_disabled_tests"
Directory: /home/deep/Desktop/scientific-calculator/build
"CalculatorTest.FactorialValid" start time: Mar 07 02:50 IST
Output:
----------------------------------------------------------
Running main() from /home/deep/Desktop/scientific-calculator/build/_deps/googletest-src/googletest/src/gtest_main.cc
Note: Google Test filter = CalculatorTest.FactorialValid
[==========] Running 1 test from 1 test suite.
[----------] Global test environment set-up.
[----------] 1 test from CalculatorTest
[ RUN      ] CalculatorTest.FactorialValid
[       OK ] CalculatorTest.FactorialValid (0 ms)
[----------] 1 test from CalculatorTest (0 ms total)

[----------] Global test environment tear-down
[==========] 1 test from 1 test suite ran. (0 ms total)
[  PASSED  ] 1 test.
<end of output>
Test time =   0.00 sec
----------------------------------------------------------
Test Passed.
"CalculatorTest.FactorialValid" end time: Mar 07 02:50 IST
"CalculatorTest.FactorialValid" time elapsed: 00:00:00
----------------------------------------------------------

4/7 Testing: CalculatorTest.FactorialInvalid
4/7 Test: CalculatorTest.FactorialInvalid
Command: "/home/deep/Desktop/scientific-calculator/build/calculator_tests" "--gtest_filter=CalculatorTest.FactorialInvalid" "--gtest_also_run_disabled_tests"
Directory: /home/deep/Desktop/scientific-calculator/build
"CalculatorTest.FactorialInvalid" start time: Mar 07 02:50 IST
Output:
----------------------------------------------------------
Running main() from /home/deep/Desktop/scientific-calculator/build/_deps/googletest-src/googletest/src/gtest_main.cc
Note: Google Test filter = CalculatorTest.FactorialInvalid
[==========] Running 1 test from 1 test suite.
[----------] Global test environment set-up.
[----------] 1 test from CalculatorTest
[ RUN      ] CalculatorTest.FactorialInvalid
[       OK ] CalculatorTest.FactorialInvalid (0 ms)
[----------] 1 test from CalculatorTest (0 ms total)

[----------] Global test environment tear-down
[==========] 1 test from 1 test suite ran. (0 ms total)
[  PASSED  ] 1 test.
<end of output>
Test time =   0.00 sec
----------------------------------------------------------
Test Passed.
"CalculatorTest.FactorialInvalid" end time: Mar 07 02:50 IST
"CalculatorTest.FactorialInvalid" time elapsed: 00:00:00
----------------------------------------------------------

5/7 Testing: CalculatorTest.NaturalLogValid
5/7 Test: CalculatorTest.NaturalLogValid
Command: "/home/deep/Desktop/scientific-calculator/build/calculator_tests" "--gtest_filter=CalculatorTest.NaturalLogValid" "--gtest_also_run_disabled_tests"
Directory: /home/deep/Desktop/scientific-calculator/build
"CalculatorTest.NaturalLogValid" start time: Mar 07 02:50 IST
Output:
----------------------------------------------------------
Running main() from /home/deep/Desktop/scientific-calculator/build/_deps/googletest-src/googletest/src/gtest_main.cc
Note: Google Test filter = CalculatorTest.NaturalLogValid
[==========] Running 1 test from 1 test suite.
[----------] Global test environment set-up.
[----------] 1 test from CalculatorTest
[ RUN      ] CalculatorTest.NaturalLogValid
[       OK ] CalculatorTest.NaturalLogValid (0 ms)
[----------] 1 test from CalculatorTest (0 ms total)

[----------] Global test environment tear-down
[==========] 1 test from 1 test suite ran. (0 ms total)
[  PASSED  ] 1 test.
<end of output>
Test time =   0.00 sec
----------------------------------------------------------
Test Passed.
"CalculatorTest.NaturalLogValid" end time: Mar 07 02:50 IST
"CalculatorTest.NaturalLogValid" time elapsed: 00:00:00
----------------------------------------------------------

6/7 Testing: CalculatorTest.NaturalLogInvalid
6/7 Test: CalculatorTest.NaturalLogInvalid
Command: "/home/deep/Desktop/scientific-calculator/build/calculator_tests" "--gtest_filter=CalculatorTest.NaturalLogInvalid" "--gtest_also_run_disabled_tests"
Directory: /home/deep/Desktop/scientific-calculator/build
"CalculatorTest.NaturalLogInvalid" start time: Mar 07 02:50 IST
Output:
----------------------------------------------------------
Running main() from /home/deep/Desktop/scientific-calculator/build/_deps/googletest-src/googletest/src/gtest_main.cc
Note: Google Test filter = CalculatorTest.NaturalLogInvalid
[==========] Running 1 test from 1 test suite.
[----------] Global test environment set-up.
[----------] 1 test from CalculatorTest
[ RUN      ] CalculatorTest.NaturalLogInvalid
[       OK ] CalculatorTest.NaturalLogInvalid (0 ms)
[----------] 1 test from CalculatorTest (0 ms total)

[----------] Global test environment tear-down
[==========] 1 test from 1 test suite ran. (0 ms total)
[  PASSED  ] 1 test.
<end of output>
Test time =   0.00 sec
----------------------------------------------------------
Test Passed.
"CalculatorTest.NaturalLogInvalid" end time: Mar 07 02:50 IST
"CalculatorTest.NaturalLogInvalid" time elapsed: 00:00:00
----------------------------------------------------------

7/7 Testing: CalculatorTest.PowerValid
7/7 Test: CalculatorTest.PowerValid
Command: "/home/deep/Desktop/scientific-calculator/build/calculator_tests" "--gtest_filter=CalculatorTest.PowerValid" "--gtest_also_run_disabled_tests"
Directory: /home/deep/Desktop/scientific-calculator/build
"CalculatorTest.PowerValid" start time: Mar 07 02:50 IST
Output:
----------------------------------------------------------
Running main() from /home/deep/Desktop/scientific-calculator/build/_deps/googletest-src/googletest/src/gtest_main.cc
Note: Google Test filter = CalculatorTest.PowerValid
[==========] Running 1 test from 1 test suite.
[----------] Global test environment set-up.
[----------] 1 test from CalculatorTest
[ RUN      ] CalculatorTest.PowerValid
[       OK ] CalculatorTest.PowerValid (0 ms)
[----------] 1 test from CalculatorTest (0 ms total)

[----------] Global test environment tear-down
[==========] 1 test from 1 test suite ran. (0 ms total)
[  PASSED  ] 1 test.
<end of output>
Test time =   0.00 sec
----------------------------------------------------------
Test Passed.
"CalculatorTest.PowerValid" end time: Mar 07 02:50 IST
"CalculatorTest.PowerValid" time elapsed: 00:00:00
----------------------------------------------------------

End testing: Mar 07 02:50 IST
